app/build/intermediates/manifest_merge_blame_file/debug/manifest-merger-blame-debug-report.txt
1<?xml version="1.0" encoding="utf-8"?>
2<manifest xmlns:android="http://schemas.android.com/apk/res/android"
3    package="com.honeywell.barcodeexample"
4    android:versionCode="1"
5    android:versionName="1.0" >
6
7    <uses-sdk
7-->src\main\AndroidManifest.xml:7:5-9:41
8        android:minSdkVersion="24"
8-->src\main\AndroidManifest.xml:8:9-35
9        android:targetSdkVersion="33" />
9-->src\main\AndroidManifest.xml:9:9-38
10
11    <uses-permission android:name="com.honeywell.decode.permission.DECODE" />
11-->[:DataCollectionLib] AndroidManifest.xml:11:5-78
11-->[:DataCollectionLib] AndroidManifest.xml:11:22-75
12
13    <permission
13-->[androidx.core:core:1.9.0] AndroidManifest.xml:22:5-24:47
14        android:name="com.honeywell.barcodeexample.DYNAMIC_RECEIVER_NOT_EXPORTED_PERMISSION"
14-->[androidx.core:core:1.9.0] AndroidManifest.xml:23:9-81
15        android:protectionLevel="signature" />
15-->[androidx.core:core:1.9.0] AndroidManifest.xml:24:9-44
16
17    <uses-permission android:name="com.honeywell.barcodeexample.DYNAMIC_RECEIVER_NOT_EXPORTED_PERMISSION" /> <!-- <uses-permission android:name="com.symbol.emdk.permission.EMDK" /> -->
17-->[androidx.core:core:1.9.0] AndroidManifest.xml:26:5-97
17-->[androidx.core:core:1.9.0] AndroidManifest.xml:26:22-94
18    <application
18-->src\main\AndroidManifest.xml:11:5-99:19
19        android:allowBackup="true"
19-->src\main\AndroidManifest.xml:12:9-35
20        android:appComponentFactory="androidx.core.app.CoreComponentFactory"
20-->[androidx.core:core:1.9.0] AndroidManifest.xml:28:18-86
21        android:debuggable="true"
22        android:extractNativeLibs="false"
23        android:icon="@mipmap/d1sw_logo_foreground"
23-->src\main\AndroidManifest.xml:13:9-52
24        android:label="@string/app_name"
24-->src\main\AndroidManifest.xml:14:9-41
25        android:testOnly="true"
26        android:theme="@style/AppTheme" >
26-->src\main\AndroidManifest.xml:15:9-40
27        <activity
27-->src\main\AndroidManifest.xml:16:9-25:20
28            android:name="com.honeywell.barcodeexample.StartActivity"
28-->src\main\AndroidManifest.xml:17:13-70
29            android:exported="true"
29-->src\main\AndroidManifest.xml:18:13-36
30            android:label="DeltaOne Software" >
30-->src\main\AndroidManifest.xml:19:13-46
31            <intent-filter>
31-->src\main\AndroidManifest.xml:20:13-24:29
32                <action android:name="android.intent.action.MAIN" />
32-->src\main\AndroidManifest.xml:21:17-69
32-->src\main\AndroidManifest.xml:21:25-66
33
34                <category android:name="android.intent.category.LAUNCHER" />
34-->src\main\AndroidManifest.xml:23:17-77
34-->src\main\AndroidManifest.xml:23:27-74
35            </intent-filter>
36        </activity>
37        <activity
37-->src\main\AndroidManifest.xml:27:9-36:20
38            android:name="com.honeywell.barcodeexample.HoneywellHomeActivity"
38-->src\main\AndroidManifest.xml:28:13-78
39            android:exported="true"
39-->src\main\AndroidManifest.xml:29:13-36
40            android:label="DeltaOne Software ~ Home" >
40-->src\main\AndroidManifest.xml:30:13-53
41            <intent-filter>
41-->src\main\AndroidManifest.xml:31:13-35:29
42                <action android:name="android.intent.action.HONEYHOME" />
42-->src\main\AndroidManifest.xml:32:17-74
42-->src\main\AndroidManifest.xml:32:25-71
43
44                <category android:name="android.intent.category.DEFAULT" />
44-->src\main\AndroidManifest.xml:34:17-76
44-->src\main\AndroidManifest.xml:34:27-73
45            </intent-filter>
46        </activity>
47        <activity
47-->src\main\AndroidManifest.xml:37:9-46:20
48            android:name="com.honeywell.barcodeexample.ZebraHomeActivity"
48-->src\main\AndroidManifest.xml:38:13-74
49            android:exported="true"
49-->src\main\AndroidManifest.xml:39:13-36
50            android:label="DeltaOne Software ~ Home" >
50-->src\main\AndroidManifest.xml:40:13-53
51            <intent-filter>
51-->src\main\AndroidManifest.xml:41:13-45:29
52                <action android:name="android.intent.action.ZEBRAHOME" />
52-->src\main\AndroidManifest.xml:42:17-74
52-->src\main\AndroidManifest.xml:42:25-71
53
54                <category android:name="android.intent.category.DEFAULT" />
54-->src\main\AndroidManifest.xml:34:17-76
54-->src\main\AndroidManifest.xml:34:27-73
55            </intent-filter>
56        </activity>
57        <activity
57-->src\main\AndroidManifest.xml:48:9-57:20
58            android:name="com.honeywell.barcodeexample.ScannerSelectionBarcodeActivity"
58-->src\main\AndroidManifest.xml:49:13-88
59            android:exported="true"
59-->src\main\AndroidManifest.xml:50:13-36
60            android:label="DeltaOne Software ~ Scanner Select" >
60-->src\main\AndroidManifest.xml:51:13-63
61            <intent-filter>
61-->src\main\AndroidManifest.xml:52:13-56:29
62                <action android:name="android.intent.action.SCANNERSELECTBARCODEACTIVITY" />
62-->src\main\AndroidManifest.xml:53:17-93
62-->src\main\AndroidManifest.xml:53:25-90
63
64                <category android:name="android.intent.category.DEFAULT" />
64-->src\main\AndroidManifest.xml:34:17-76
64-->src\main\AndroidManifest.xml:34:27-73
65            </intent-filter>
66        </activity>
67        <activity
67-->src\main\AndroidManifest.xml:58:9-67:20
68            android:name="com.honeywell.barcodeexample.HoneywellScanActivity"
68-->src\main\AndroidManifest.xml:59:13-78
69            android:exported="true"
69-->src\main\AndroidManifest.xml:60:13-36
70            android:label="DeltaOne Software ~ Scan Screen" >
70-->src\main\AndroidManifest.xml:61:13-60
71            <intent-filter>
71-->src\main\AndroidManifest.xml:62:13-66:29
72                <action android:name="android.intent.action.HONEYSCAN" />
72-->src\main\AndroidManifest.xml:63:17-74
72-->src\main\AndroidManifest.xml:63:25-71
73
74                <category android:name="android.intent.category.DEFAULT" />
74-->src\main\AndroidManifest.xml:34:17-76
74-->src\main\AndroidManifest.xml:34:27-73
75            </intent-filter>
76        </activity>
77        <activity
77-->src\main\AndroidManifest.xml:68:9-77:20
78            android:name="com.honeywell.barcodeexample.ZebraScanActivity"
78-->src\main\AndroidManifest.xml:69:13-74
79            android:exported="true"
79-->src\main\AndroidManifest.xml:70:13-36
80            android:label="DeltaOne Software ~ Scan Screen" >
80-->src\main\AndroidManifest.xml:71:13-60
81            <intent-filter>
81-->src\main\AndroidManifest.xml:72:13-76:29
82                <action android:name="android.intent.action.ZEBRASCAN" />
82-->src\main\AndroidManifest.xml:73:17-74
82-->src\main\AndroidManifest.xml:73:25-71
83
84                <category android:name="android.intent.category.DEFAULT" />
84-->src\main\AndroidManifest.xml:34:17-76
84-->src\main\AndroidManifest.xml:34:27-73
85            </intent-filter>
86        </activity>
87        <activity
87-->src\main\AndroidManifest.xml:79:9-88:20
88            android:name="com.honeywell.barcodeexample.AnalysisActivity"
88-->src\main\AndroidManifest.xml:80:13-73
89            android:exported="true"
89-->src\main\AndroidManifest.xml:81:13-36
90            android:label="DeltaOne Software ~ Analysis" >
90-->src\main\AndroidManifest.xml:82:13-57
91            <intent-filter>
91-->src\main\AndroidManifest.xml:83:13-87:29
92                <action android:name="android.intent.action.ANALYSIS" />
92-->src\main\AndroidManifest.xml:84:17-73
92-->src\main\AndroidManifest.xml:84:25-70
93
94                <category android:name="android.intent.category.DEFAULT" />
94-->src\main\AndroidManifest.xml:34:17-76
94-->src\main\AndroidManifest.xml:34:27-73
95            </intent-filter>
96        </activity>
97        <activity
97-->src\main\AndroidManifest.xml:89:9-98:20
98            android:name="com.honeywell.barcodeexample.SettingsActivity"
98-->src\main\AndroidManifest.xml:90:13-73
99            android:exported="true"
99-->src\main\AndroidManifest.xml:91:13-36
100            android:label="DeltaOne Software ~ Settings" >
100-->src\main\AndroidManifest.xml:92:13-57
101            <intent-filter>
101-->src\main\AndroidManifest.xml:93:13-97:29
102                <action android:name="android.intent.action.SETTINGS" />
102-->src\main\AndroidManifest.xml:94:17-73
102-->src\main\AndroidManifest.xml:94:25-70
103
104                <category android:name="android.intent.category.DEFAULT" />
104-->src\main\AndroidManifest.xml:34:17-76
104-->src\main\AndroidManifest.xml:34:27-73
105            </intent-filter>
106        </activity>
107
108        <provider
108-->[androidx.emoji2:emoji2:1.2.0] AndroidManifest.xml:24:9-32:20
109            android:name="androidx.startup.InitializationProvider"
109-->[androidx.emoji2:emoji2:1.2.0] AndroidManifest.xml:25:13-67
110            android:authorities="com.honeywell.barcodeexample.androidx-startup"
110-->[androidx.emoji2:emoji2:1.2.0] AndroidManifest.xml:26:13-68
111            android:exported="false" >
111-->[androidx.emoji2:emoji2:1.2.0] AndroidManifest.xml:27:13-37
112            <meta-data
112-->[androidx.emoji2:emoji2:1.2.0] AndroidManifest.xml:29:13-31:52
113                android:name="androidx.emoji2.text.EmojiCompatInitializer"
113-->[androidx.emoji2:emoji2:1.2.0] AndroidManifest.xml:30:17-75
114                android:value="androidx.startup" />
114-->[androidx.emoji2:emoji2:1.2.0] AndroidManifest.xml:31:17-49
115            <meta-data
115-->[androidx.lifecycle:lifecycle-process:2.6.1] AndroidManifest.xml:29:13-31:52
116                android:name="androidx.lifecycle.ProcessLifecycleInitializer"
116-->[androidx.lifecycle:lifecycle-process:2.6.1] AndroidManifest.xml:30:17-78
117                android:value="androidx.startup" />
117-->[androidx.lifecycle:lifecycle-process:2.6.1] AndroidManifest.xml:31:17-49
118            <meta-data
118-->[androidx.profileinstaller:profileinstaller:1.3.0] AndroidManifest.xml:29:13-31:52
119                android:name="androidx.profileinstaller.ProfileInstallerInitializer"
119-->[androidx.profileinstaller:profileinstaller:1.3.0] AndroidManifest.xml:30:17-85
120                android:value="androidx.startup" />
120-->[androidx.profileinstaller:profileinstaller:1.3.0] AndroidManifest.xml:31:17-49
121        </provider>
122
123        <uses-library
123-->[androidx.window:window:1.0.0] AndroidManifest.xml:25:9-27:40
124            android:name="androidx.window.extensions"
124-->[androidx.window:window:1.0.0] AndroidManifest.xml:26:13-54
125            android:required="false" />
125-->[androidx.window:window:1.0.0] AndroidManifest.xml:27:13-37
126        <uses-library
126-->[androidx.window:window:1.0.0] AndroidManifest.xml:28:9-30:40
127            android:name="androidx.window.sidecar"
127-->[androidx.window:window:1.0.0] AndroidManifest.xml:29:13-51
128            android:required="false" />
128-->[androidx.window:window:1.0.0] AndroidManifest.xml:30:13-37
129
130        <receiver
130-->[androidx.profileinstaller:profileinstaller:1.3.0] AndroidManifest.xml:34:9-52:20
131            android:name="androidx.profileinstaller.ProfileInstallReceiver"
131-->[androidx.profileinstaller:profileinstaller:1.3.0] AndroidManifest.xml:35:13-76
132            android:directBootAware="false"
132-->[androidx.profileinstaller:profileinstaller:1.3.0] AndroidManifest.xml:36:13-44
133            android:enabled="true"
133-->[androidx.profileinstaller:profileinstaller:1.3.0] AndroidManifest.xml:37:13-35
134            android:exported="true"
134-->[androidx.profileinstaller:profileinstaller:1.3.0] AndroidManifest.xml:38:13-36
135            android:permission="android.permission.DUMP" >
135-->[androidx.profileinstaller:profileinstaller:1.3.0] AndroidManifest.xml:39:13-57
136            <intent-filter>
136-->[androidx.profileinstaller:profileinstaller:1.3.0] AndroidManifest.xml:40:13-42:29
137                <action android:name="androidx.profileinstaller.action.INSTALL_PROFILE" />
137-->[androidx.profileinstaller:profileinstaller:1.3.0] AndroidManifest.xml:41:17-91
137-->[androidx.profileinstaller:profileinstaller:1.3.0] AndroidManifest.xml:41:25-88
138            </intent-filter>
139            <intent-filter>
139-->[androidx.profileinstaller:profileinstaller:1.3.0] AndroidManifest.xml:43:13-45:29
140                <action android:name="androidx.profileinstaller.action.SKIP_FILE" />
140-->[androidx.profileinstaller:profileinstaller:1.3.0] AndroidManifest.xml:44:17-85
140-->[androidx.profileinstaller:profileinstaller:1.3.0] AndroidManifest.xml:44:25-82
141            </intent-filter>
142            <intent-filter>
142-->[androidx.profileinstaller:profileinstaller:1.3.0] AndroidManifest.xml:46:13-48:29
143                <action android:name="androidx.profileinstaller.action.SAVE_PROFILE" />
143-->[androidx.profileinstaller:profileinstaller:1.3.0] AndroidManifest.xml:47:17-88
143-->[androidx.profileinstaller:profileinstaller:1.3.0] AndroidManifest.xml:47:25-85
144            </intent-filter>
145            <intent-filter>
145-->[androidx.profileinstaller:profileinstaller:1.3.0] AndroidManifest.xml:49:13-51:29
146                <action android:name="androidx.profileinstaller.action.BENCHMARK_OPERATION" />
146-->[androidx.profileinstaller:profileinstaller:1.3.0] AndroidManifest.xml:50:17-95
146-->[androidx.profileinstaller:profileinstaller:1.3.0] AndroidManifest.xml:50:25-92
147            </intent-filter>
148        </receiver>
149    </application>
150
151</manifest>